/home/vpadulan/Programs/project-lhcb-analysis-rdf/original-notebook/notebook_20250912.py:588: SyntaxWarning: invalid escape sequence '\p'
  values_mpipipi, bins_mpipipi, patches_mpipipi = ax[1].hist(m_pipipi, bins=150, range=[4500, 6000], histtype='step', label='$m_{\pi\pi\pi}$')
/home/vpadulan/Programs/project-lhcb-analysis-rdf/original-notebook/notebook_20250912.py:589: SyntaxWarning: invalid escape sequence '\p'
  values_mKpipi, bins_mKpipi, patches_mKpipi = ax[2].hist(m_Kpipi, bins=300, range=[4500, 6000], histtype='step', label='$m_{K\pi\pi}$')
/home/vpadulan/Programs/project-lhcb-analysis-rdf/original-notebook/notebook_20250912.py:618: SyntaxWarning: invalid escape sequence '\p'
  values_mpipilow, bins_mpipilow, patches_mpipilow = ax[1].hist(np.sqrt(mpipilow), bins=500, range=[200, 5200], histtype='step', label='$m_{\pi\pi,low}$')
/home/vpadulan/Programs/project-lhcb-analysis-rdf/original-notebook/notebook_20250912.py:619: SyntaxWarning: invalid escape sequence '\p'
  values_mpipihigh, bins_mpipihigh, patches_mpipihigh = ax[1].hist(np.sqrt(mpipihigh), bins=500, range=[200, 5200], histtype='step', label='$m_{\pi\pi,high}$')
/home/vpadulan/Programs/project-lhcb-analysis-rdf/original-notebook/notebook_20250912.py:621: SyntaxWarning: invalid escape sequence '\p'
  values_mKpi, bins_mKpi, patches_mKpi = ax[2].hist(np.sqrt(mKpi), bins=500, range=[200, 5200], histtype='step', label='$m_{K\pi}$')
/home/vpadulan/Programs/project-lhcb-analysis-rdf/original-notebook/notebook_20250912.py:622: SyntaxWarning: invalid escape sequence '\p'
  values_mpipi, bins_mpipi, patches_mpipi = ax[2].hist(np.sqrt(mpipi), bins=500, range=[200, 5200], histtype='step', label='$m_{\pi\pi}$')
/home/vpadulan/Programs/project-lhcb-analysis-rdf/original-notebook/notebook_20250912.py:669: SyntaxWarning: invalid escape sequence '\p'
  values_mpipipi,bins_mpipipi,patches_mpipipi = ax[1].hist(m_pipipi, bins = 300, range = [5000, 5600],histtype='step',label='$m_{\pi\pi\pi}$')
/home/vpadulan/Programs/project-lhcb-analysis-rdf/original-notebook/notebook_20250912.py:670: SyntaxWarning: invalid escape sequence '\p'
  values_mKpipi,bins_mKpipi,patches_mKpipi = ax[2].hist(m_Kpipi, bins = 300, range = [5000, 5600],histtype='step',label='$m_{K\pi\pi}$')
Starting execution at: 10:0
Done
Done
Done
Input data variables:
['B_FlightDistance', 'B_VertexChi2', 'H1_PX', 'H1_PY', 'H1_PZ', 'H1_ProbK', 'H1_ProbPi', 'H1_Charge', 'H1_IPChi2', 'H1_isMuon', 'H2_PX', 'H2_PY', 'H2_PZ', 'H2_ProbK', 'H2_ProbPi', 'H2_Charge', 'H2_IPChi2', 'H2_isMuon', 'H3_PX', 'H3_PY', 'H3_PZ', 'H3_ProbK', 'H3_ProbPi', 'H3_Charge', 'H3_IPChi2', 'H3_isMuon']
Done
Done
Input data variables:
['B_FlightDistance', 'B_VertexChi2', 'H1_PX', 'H1_PY', 'H1_PZ', 'H1_ProbK', 'H1_ProbPi', 'H1_Charge', 'H1_IPChi2', 'H1_isMuon', 'H2_PX', 'H2_PY', 'H2_PZ', 'H2_ProbK', 'H2_ProbPi', 'H2_Charge', 'H2_IPChi2', 'H2_isMuon', 'H3_PX', 'H3_PY', 'H3_PZ', 'H3_ProbK', 'H3_ProbPi', 'H3_Charge', 'H3_IPChi2', 'H3_isMuon']
Read 100000 events
Read 200000 events
Read 300000 events
Read 400000 events
Read 500000 events
Read 600000 events
Read 700000 events
Read 800000 events
Read 900000 events
Read 1000000 events
Read 1100000 events
Read 1200000 events
Read 1300000 events
Read 1400000 events
Read 1500000 events
Read 1600000 events
Read 1700000 events
Read 1800000 events
Read 1900000 events
Read 2000000 events
Read 2100000 events
Read 2200000 events
Read 2300000 events
Read 2400000 events
Read 2500000 events
Read 2600000 events
Read 2700000 events
Read 2800000 events
Read 2900000 events
Read 3000000 events
Read 3100000 events
Read 3200000 events
Read 3300000 events
Read 3400000 events
Read 3500000 events
Read 3600000 events
Read 3700000 events
Read 3800000 events
Read 3900000 events
Read 4000000 events
Read 4100000 events
Read 4200000 events
Read 4300000 events
Read 4400000 events
Read 4500000 events
Read 4600000 events
Read 4700000 events
Read 4800000 events
Read 4900000 events
Read 5000000 events
Read 5100000 events
Read 5200000 events
Read 5300000 events
Read 5400000 events
Read 5500000 events
Read 5600000 events
Read 5700000 events
Read 5800000 events
Read 5900000 events
Read 6000000 events
Read 6100000 events
Read 6200000 events
Read 6300000 events
Read 6400000 events
Read 6500000 events
Read 6600000 events
Read 6700000 events
Read 6800000 events
Read 6900000 events
Read 7000000 events
Read 7100000 events
Read 7200000 events
Read 7300000 events
Read 7400000 events
Read 7500000 events
Read 7600000 events
Read 7700000 events
Read 7800000 events
Read 7900000 events
Read 8000000 events
Read 8100000 events
Read 8200000 events
Read 8300000 events
Read 8400000 events
Read 8500000 events
Read 8556118 events

Event selection completed. Processed 8556118 events in total.
Events after basic cuts: 6311517
KKK candidates: 23701, selected: 22754
πππ candidates: 448685, selected: 436445
Kππ candidates: 286804, selected: 224747

=== DETAILED SELECTION REPORT ===
KKK selection efficiency: 96.00% (22754/23701)
πππ selection efficiency: 97.27% (436445/448685)
Kππ selection efficiency: 78.36% (224747/286804)
Elapsed time: 21366.51506447792
Done
Plotting 1D histogram

============================================================
HISTOGRAM DETAILS: pT Distribution (Combined H1+H2+H3)
============================================================
Total entries: 18934496
Number of bins: 200
X-axis range: [0.00, 100000.00]
Bin width: 500.00
Mean: 2253.42
RMS: 2231.19
Non-empty bins: 191

Showing first 30 non-empty bins:
Bin#   Center       Low Edge     High Edge    Content   
--------------------------------------------------------------
1      250.00       0.00         500.00       3265626.0 
2      750.00       500.00       1000.00      3119920.0 
3      1250.00      1000.00      1500.00      2229683.0 
4      1750.00      1500.00      2000.00      2186455.0 
5      2250.00      2000.00      2500.00      1778527.0 
6      2750.00      2500.00      3000.00      1434816.0 
7      3250.00      3000.00      3500.00      1144649.0 
8      3750.00      3500.00      4000.00      899892.0  
9      4250.00      4000.00      4500.00      681202.0  
10     4750.00      4500.00      5000.00      500291.0  
11     5250.00      5000.00      5500.00      374714.0  
12     5750.00      5500.00      6000.00      281158.0  
13     6250.00      6000.00      6500.00      213655.0  
14     6750.00      6500.00      7000.00      162967.0  
15     7250.00      7000.00      7500.00      125096.0  
16     7750.00      7500.00      8000.00      96793.0   
17     8250.00      8000.00      8500.00      76685.0   
18     8750.00      8500.00      9000.00      60774.0   
19     9250.00      9000.00      9500.00      48868.0   
20     9750.00      9500.00      10000.00     39593.0   
21     10250.00     10000.00     10500.00     33229.0   
22     10750.00     10500.00     11000.00     27414.0   
23     11250.00     11000.00     11500.00     22124.0   
24     11750.00     11500.00     12000.00     18572.0   
25     12250.00     12000.00     12500.00     15464.0   
26     12750.00     12500.00     13000.00     13081.0   
27     13250.00     13000.00     13500.00     11056.0   
28     13750.00     13500.00     14000.00     9426.0    
29     14250.00     14000.00     14500.00     7804.0    
30     14750.00     14500.00     15000.00     6747.0    
... and 161 more non-empty bins

============================================================
HISTOGRAM DETAILS: pZ Distribution (Combined H1+H2+H3)
============================================================
Total entries: 15897011
Number of bins: 200
X-axis range: [0.00, 100000.00]
Bin width: 500.00
Mean: 31250.29
RMS: 25961.31
Non-empty bins: 198

Showing first 30 non-empty bins:
Bin#   Center       Low Edge     High Edge    Content   
--------------------------------------------------------------
3      1250.00      1000.00      1500.00      5290.0    
4      1750.00      1500.00      2000.00      165645.0  
5      2250.00      2000.00      2500.00      252810.0  
6      2750.00      2500.00      3000.00      293604.0  
7      3250.00      3000.00      3500.00      283007.0  
8      3750.00      3500.00      4000.00      267828.0  
9      4250.00      4000.00      4500.00      251447.0  
10     4750.00      4500.00      5000.00      238609.0  
11     5250.00      5000.00      5500.00      254556.0  
12     5750.00      5500.00      6000.00      244612.0  
13     6250.00      6000.00      6500.00      239282.0  
14     6750.00      6500.00      7000.00      228626.0  
15     7250.00      7000.00      7500.00      220892.0  
16     7750.00      7500.00      8000.00      212745.0  
17     8250.00      8000.00      8500.00      206096.0  
18     8750.00      8500.00      9000.00      198124.0  
19     9250.00      9000.00      9500.00      191299.0  
20     9750.00      9500.00      10000.00     188534.0  
21     10250.00     10000.00     10500.00     194147.0  
22     10750.00     10500.00     11000.00     191032.0  
23     11250.00     11000.00     11500.00     187463.0  
24     11750.00     11500.00     12000.00     184582.0  
25     12250.00     12000.00     12500.00     180800.0  
26     12750.00     12500.00     13000.00     176659.0  
27     13250.00     13000.00     13500.00     174098.0  
28     13750.00     13500.00     14000.00     170857.0  
29     14250.00     14000.00     14500.00     167409.0  
30     14750.00     14500.00     15000.00     163977.0  
31     15250.00     15000.00     15500.00     160601.0  
32     15750.00     15500.00     16000.00     157279.0  
... and 168 more non-empty bins
Plotting 2D histogram

============================================================
2D HISTOGRAM DETAILS: probK vs probPi (Combined H1+H2+H3)
============================================================
Total entries: 18934350
X bins: 50, Y bins: 50
X-axis range: [0.000, 1.000]
Y-axis range: [0.000, 1.000]
X bin width: 0.020
Y bin width: 0.020
Non-empty bins: 2290

Showing first 50 non-empty bins:
X Bin  Y Bin  X Center   Y Center   Content   
----------------------------------------------------
1      1      0.010      0.010      17511.0   
1      2      0.010      0.030      65794.0   
1      3      0.010      0.050      77138.0   
1      4      0.010      0.070      61298.0   
1      5      0.010      0.090      71367.0   
1      6      0.010      0.110      56552.0   
1      7      0.010      0.130      63228.0   
1      8      0.010      0.150      33088.0   
1      9      0.010      0.170      38446.0   
1      10     0.010      0.190      15800.0   
1      11     0.010      0.210      20881.0   
1      12     0.010      0.230      26942.0   
1      13     0.010      0.250      27954.0   
1      14     0.010      0.270      23488.0   
1      15     0.010      0.290      28967.0   
1      16     0.010      0.310      31209.0   
1      17     0.010      0.330      24840.0   
1      18     0.010      0.350      29636.0   
1      19     0.010      0.370      35562.0   
1      20     0.010      0.390      40662.0   
1      21     0.010      0.410      30820.0   
1      22     0.010      0.430      31614.0   
1      23     0.010      0.450      33555.0   
1      24     0.010      0.470      47858.0   
1      25     0.010      0.490      37247.0   
1      26     0.010      0.510      34318.0   
1      27     0.010      0.530      40881.0   
1      28     0.010      0.550      43818.0   
1      29     0.010      0.570      48518.0   
1      30     0.010      0.590      47834.0   
1      31     0.010      0.610      36494.0   
1      32     0.010      0.630      91548.0   
1      33     0.010      0.650      48890.0   
1      34     0.010      0.670      69556.0   
1      35     0.010      0.690      93382.0   
1      36     0.010      0.710      57805.0   
1      37     0.010      0.730      101413.0  
1      38     0.010      0.750      85229.0   
1      39     0.010      0.770      101646.0  
1      40     0.010      0.790      144248.0  
1      41     0.010      0.810      124715.0  
1      42     0.010      0.830      223352.0  
1      43     0.010      0.850      209508.0  
1      44     0.010      0.870      245797.0  
1      45     0.010      0.890      409252.0  
1      46     0.010      0.910      498200.0  
1      47     0.010      0.930      554356.0  
1      48     0.010      0.950      519208.0  
1      49     0.010      0.970      633712.0  
1      50     0.010      0.990      555927.0  
... and 2240 more non-empty bins

============================================================
HISTOGRAM DETAILS: KKK Mass Distribution
============================================================
Total entries: 21735
Number of bins: 300
X-axis range: [4500.00, 6000.00]
Bin width: 5.00
Mean: 5310.81
RMS: 164.89
Non-empty bins: 190

Showing first 25 non-empty bins:
Bin#   Center       Low Edge     High Edge    Content   
--------------------------------------------------------------
111    5052.50      5050.00      5055.00      134.0     
112    5057.50      5055.00      5060.00      129.0     
113    5062.50      5060.00      5065.00      144.0     
114    5067.50      5065.00      5070.00      133.0     
115    5072.50      5070.00      5075.00      132.0     
116    5077.50      5075.00      5080.00      136.0     
117    5082.50      5080.00      5085.00      113.0     
118    5087.50      5085.00      5090.00      129.0     
119    5092.50      5090.00      5095.00      123.0     
120    5097.50      5095.00      5100.00      109.0     
121    5102.50      5100.00      5105.00      126.0     
122    5107.50      5105.00      5110.00      126.0     
123    5112.50      5110.00      5115.00      107.0     
124    5117.50      5115.00      5120.00      111.0     
125    5122.50      5120.00      5125.00      108.0     
126    5127.50      5125.00      5130.00      110.0     
127    5132.50      5130.00      5135.00      110.0     
128    5137.50      5135.00      5140.00      100.0     
129    5142.50      5140.00      5145.00      92.0      
130    5147.50      5145.00      5150.00      68.0      
131    5152.50      5150.00      5155.00      62.0      
132    5157.50      5155.00      5160.00      65.0      
133    5162.50      5160.00      5165.00      53.0      
134    5167.50      5165.00      5170.00      52.0      
135    5172.50      5170.00      5175.00      48.0      
... and 165 more non-empty bins

============================================================
HISTOGRAM DETAILS: πππ Mass Distribution
============================================================
Total entries: 381506
Number of bins: 150
X-axis range: [4500.00, 6000.00]
Bin width: 10.00
Mean: 5170.37
RMS: 369.24
Non-empty bins: 150

Showing first 25 non-empty bins:
Bin#   Center       Low Edge     High Edge    Content   
--------------------------------------------------------------
1      4505.00      4500.00      4510.00      1351.0    
2      4515.00      4510.00      4520.00      1337.0    
3      4525.00      4520.00      4530.00      1373.0    
4      4535.00      4530.00      4540.00      1452.0    
5      4545.00      4540.00      4550.00      1446.0    
6      4555.00      4550.00      4560.00      1631.0    
7      4565.00      4560.00      4570.00      1547.0    
8      4575.00      4570.00      4580.00      1585.0    
9      4585.00      4580.00      4590.00      1600.0    
10     4595.00      4590.00      4600.00      1617.0    
11     4605.00      4600.00      4610.00      1779.0    
12     4615.00      4610.00      4620.00      1781.0    
13     4625.00      4620.00      4630.00      1813.0    
14     4635.00      4630.00      4640.00      1861.0    
15     4645.00      4640.00      4650.00      1937.0    
16     4655.00      4650.00      4660.00      2048.0    
17     4665.00      4660.00      4670.00      2126.0    
18     4675.00      4670.00      4680.00      2154.0    
19     4685.00      4680.00      4690.00      2268.0    
20     4695.00      4690.00      4700.00      2403.0    
21     4705.00      4700.00      4710.00      2453.0    
22     4715.00      4710.00      4720.00      2591.0    
23     4725.00      4720.00      4730.00      2715.0    
24     4735.00      4730.00      4740.00      2739.0    
25     4745.00      4740.00      4750.00      2837.0    
... and 125 more non-empty bins

============================================================
HISTOGRAM DETAILS: Kππ Mass Distribution
============================================================
Total entries: 204991
Number of bins: 300
X-axis range: [4500.00, 6000.00]
Bin width: 5.00
Mean: 5171.11
RMS: 334.87
Non-empty bins: 300

Showing first 25 non-empty bins:
Bin#   Center       Low Edge     High Edge    Content   
--------------------------------------------------------------
1      4502.50      4500.00      4505.00      230.0     
2      4507.50      4505.00      4510.00      218.0     
3      4512.50      4510.00      4515.00      239.0     
4      4517.50      4515.00      4520.00      233.0     
5      4522.50      4520.00      4525.00      280.0     
6      4527.50      4525.00      4530.00      240.0     
7      4532.50      4530.00      4535.00      271.0     
8      4537.50      4535.00      4540.00      263.0     
9      4542.50      4540.00      4545.00      256.0     
10     4547.50      4545.00      4550.00      266.0     
11     4552.50      4550.00      4555.00      302.0     
12     4557.50      4555.00      4560.00      286.0     
13     4562.50      4560.00      4565.00      299.0     
14     4567.50      4565.00      4570.00      259.0     
15     4572.50      4570.00      4575.00      271.0     
16     4577.50      4575.00      4580.00      294.0     
17     4582.50      4580.00      4585.00      282.0     
18     4587.50      4585.00      4590.00      318.0     
19     4592.50      4590.00      4595.00      263.0     
20     4597.50      4595.00      4600.00      311.0     
21     4602.50      4600.00      4605.00      335.0     
22     4607.50      4605.00      4610.00      322.0     
23     4612.50      4610.00      4615.00      298.0     
24     4617.50      4615.00      4620.00      359.0     
25     4622.50      4620.00      4625.00      355.0     
... and 275 more non-empty bins

============================================================
HISTOGRAM DETAILS: KK Low Mass Distribution
============================================================
Total entries: 15909
Number of bins: 500
X-axis range: [200.00, 5200.00]
Bin width: 10.00
Mean: 1755.10
RMS: 625.97
Non-empty bins: 265

Showing first 25 non-empty bins:
Bin#   Center       Low Edge     High Edge    Content   
--------------------------------------------------------------
79     985.00       980.00       990.00       3.0       
80     995.00       990.00       1000.00      71.0      
81     1005.00      1000.00      1010.00      102.0     
82     1015.00      1010.00      1020.00      749.0     
83     1025.00      1020.00      1030.00      927.0     
84     1035.00      1030.00      1040.00      186.0     
85     1045.00      1040.00      1050.00      111.0     
86     1055.00      1050.00      1060.00      102.0     
87     1065.00      1060.00      1070.00      117.0     
88     1075.00      1070.00      1080.00      116.0     
89     1085.00      1080.00      1090.00      90.0      
90     1095.00      1090.00      1100.00      97.0      
91     1105.00      1100.00      1110.00      79.0      
92     1115.00      1110.00      1120.00      70.0      
93     1125.00      1120.00      1130.00      79.0      
94     1135.00      1130.00      1140.00      81.0      
95     1145.00      1140.00      1150.00      69.0      
96     1155.00      1150.00      1160.00      86.0      
97     1165.00      1160.00      1170.00      67.0      
98     1175.00      1170.00      1180.00      85.0      
99     1185.00      1180.00      1190.00      77.0      
100    1195.00      1190.00      1200.00      83.0      
101    1205.00      1200.00      1210.00      79.0      
102    1215.00      1210.00      1220.00      69.0      
103    1225.00      1220.00      1230.00      83.0      
... and 240 more non-empty bins

============================================================
HISTOGRAM DETAILS: KK High Mass Distribution
============================================================
Total entries: 15909
Number of bins: 500
X-axis range: [200.00, 5200.00]
Bin width: 10.00
Mean: 3529.14
RMS: 642.10
Non-empty bins: 307

Showing first 25 non-empty bins:
Bin#   Center       Low Edge     High Edge    Content   
--------------------------------------------------------------
154    1735.00      1730.00      1740.00      1.0       
156    1755.00      1750.00      1760.00      1.0       
157    1765.00      1760.00      1770.00      1.0       
158    1775.00      1770.00      1780.00      4.0       
160    1795.00      1790.00      1800.00      2.0       
161    1805.00      1800.00      1810.00      4.0       
162    1815.00      1810.00      1820.00      3.0       
163    1825.00      1820.00      1830.00      5.0       
164    1835.00      1830.00      1840.00      7.0       
165    1845.00      1840.00      1850.00      1.0       
166    1855.00      1850.00      1860.00      10.0      
167    1865.00      1860.00      1870.00      6.0       
168    1875.00      1870.00      1880.00      3.0       
170    1895.00      1890.00      1900.00      5.0       
171    1905.00      1900.00      1910.00      6.0       
172    1915.00      1910.00      1920.00      5.0       
173    1925.00      1920.00      1930.00      10.0      
174    1935.00      1930.00      1940.00      8.0       
175    1945.00      1940.00      1950.00      8.0       
176    1955.00      1950.00      1960.00      4.0       
177    1965.00      1960.00      1970.00      8.0       
178    1975.00      1970.00      1980.00      13.0      
179    1985.00      1980.00      1990.00      9.0       
180    1995.00      1990.00      2000.00      12.0      
181    2005.00      2000.00      2010.00      14.0      
... and 282 more non-empty bins

============================================================
HISTOGRAM DETAILS: ππ Low Mass Distribution
============================================================
Total entries: 37755
Number of bins: 500
X-axis range: [200.00, 5200.00]
Bin width: 10.00
Mean: 1490.18
RMS: 784.43
Non-empty bins: 347

Showing first 25 non-empty bins:
Bin#   Center       Low Edge     High Edge    Content   
--------------------------------------------------------------
9      285.00       280.00       290.00       11.0      
10     295.00       290.00       300.00       32.0      
11     305.00       300.00       310.00       39.0      
12     315.00       310.00       320.00       45.0      
13     325.00       320.00       330.00       57.0      
14     335.00       330.00       340.00       65.0      
15     345.00       340.00       350.00       59.0      
16     355.00       350.00       360.00       77.0      
17     365.00       360.00       370.00       83.0      
18     375.00       370.00       380.00       90.0      
19     385.00       380.00       390.00       96.0      
20     395.00       390.00       400.00       97.0      
21     405.00       400.00       410.00       89.0      
22     415.00       410.00       420.00       100.0     
23     425.00       420.00       430.00       94.0      
24     435.00       430.00       440.00       105.0     
25     445.00       440.00       450.00       106.0     
26     455.00       450.00       460.00       111.0     
27     465.00       460.00       470.00       122.0     
28     475.00       470.00       480.00       116.0     
29     485.00       480.00       490.00       111.0     
30     495.00       490.00       500.00       123.0     
31     505.00       500.00       510.00       110.0     
32     515.00       510.00       520.00       119.0     
33     525.00       520.00       530.00       138.0     
... and 322 more non-empty bins

============================================================
HISTOGRAM DETAILS: ππ High Mass Distribution
============================================================
Total entries: 37755
Number of bins: 500
X-axis range: [200.00, 5200.00]
Bin width: 10.00
Mean: 3610.06
RMS: 1117.24
Non-empty bins: 429

Showing first 25 non-empty bins:
Bin#   Center       Low Edge     High Edge    Content   
--------------------------------------------------------------
70     895.00       890.00       900.00       1.0       
71     905.00       900.00       910.00       1.0       
72     915.00       910.00       920.00       6.0       
73     925.00       920.00       930.00       4.0       
74     935.00       930.00       940.00       6.0       
75     945.00       940.00       950.00       11.0      
76     955.00       950.00       960.00       7.0       
77     965.00       960.00       970.00       13.0      
78     975.00       970.00       980.00       15.0      
79     985.00       980.00       990.00       7.0       
80     995.00       990.00       1000.00      8.0       
81     1005.00      1000.00      1010.00      13.0      
82     1015.00      1010.00      1020.00      11.0      
83     1025.00      1020.00      1030.00      14.0      
84     1035.00      1030.00      1040.00      10.0      
85     1045.00      1040.00      1050.00      14.0      
86     1055.00      1050.00      1060.00      13.0      
87     1065.00      1060.00      1070.00      11.0      
88     1075.00      1070.00      1080.00      19.0      
89     1085.00      1080.00      1090.00      18.0      
90     1095.00      1090.00      1100.00      20.0      
91     1105.00      1100.00      1110.00      16.0      
92     1115.00      1110.00      1120.00      20.0      
93     1125.00      1120.00      1130.00      20.0      
94     1135.00      1130.00      1140.00      19.0      
... and 404 more non-empty bins

============================================================
HISTOGRAM DETAILS: Kπ Mass Distribution
============================================================
Total entries: 51172
Number of bins: 500
X-axis range: [200.00, 5200.00]
Bin width: 10.00
Mean: 2248.96
RMS: 1149.64
Non-empty bins: 455

Showing first 25 non-empty bins:
Bin#   Center       Low Edge     High Edge    Content   
--------------------------------------------------------------
44     635.00       630.00       640.00       2.0       
45     645.00       640.00       650.00       13.0      
46     655.00       650.00       660.00       23.0      
47     665.00       660.00       670.00       23.0      
48     675.00       670.00       680.00       36.0      
49     685.00       680.00       690.00       38.0      
50     695.00       690.00       700.00       43.0      
51     705.00       700.00       710.00       50.0      
52     715.00       710.00       720.00       60.0      
53     725.00       720.00       730.00       43.0      
54     735.00       730.00       740.00       50.0      
55     745.00       740.00       750.00       52.0      
56     755.00       750.00       760.00       80.0      
57     765.00       760.00       770.00       68.0      
58     775.00       770.00       780.00       81.0      
59     785.00       780.00       790.00       92.0      
60     795.00       790.00       800.00       79.0      
61     805.00       800.00       810.00       105.0     
62     815.00       810.00       820.00       96.0      
63     825.00       820.00       830.00       87.0      
64     835.00       830.00       840.00       145.0     
65     845.00       840.00       850.00       140.0     
66     855.00       850.00       860.00       171.0     
67     865.00       860.00       870.00       233.0     
68     875.00       870.00       880.00       313.0     
... and 430 more non-empty bins

============================================================
HISTOGRAM DETAILS: ππ Mass Distribution (in Kππ)
============================================================
Total entries: 51172
Number of bins: 500
X-axis range: [200.00, 5200.00]
Bin width: 10.00
Mean: 2611.51
RMS: 1213.76
Non-empty bins: 454

Showing first 25 non-empty bins:
Bin#   Center       Low Edge     High Edge    Content   
--------------------------------------------------------------
9      285.00       280.00       290.00       3.0       
10     295.00       290.00       300.00       11.0      
11     305.00       300.00       310.00       7.0       
12     315.00       310.00       320.00       8.0       
13     325.00       320.00       330.00       12.0      
14     335.00       330.00       340.00       23.0      
15     345.00       340.00       350.00       18.0      
16     355.00       350.00       360.00       20.0      
17     365.00       360.00       370.00       22.0      
18     375.00       370.00       380.00       14.0      
19     385.00       380.00       390.00       25.0      
20     395.00       390.00       400.00       17.0      
21     405.00       400.00       410.00       27.0      
22     415.00       410.00       420.00       23.0      
23     425.00       420.00       430.00       24.0      
24     435.00       430.00       440.00       27.0      
25     445.00       440.00       450.00       37.0      
26     455.00       450.00       460.00       29.0      
27     465.00       460.00       470.00       35.0      
28     475.00       470.00       480.00       40.0      
29     485.00       480.00       490.00       46.0      
30     495.00       490.00       500.00       33.0      
31     505.00       500.00       510.00       35.0      
32     515.00       510.00       520.00       39.0      
33     525.00       520.00       530.00       44.0      
... and 429 more non-empty bins
All histogram analysis completed with detailed information!
Done
Kmax 0.7 piAll 0.6 piSum 2.4 S 1894.5 B 2569.5 S/B 0.7373029772329247 sig 28.355187057477085
Done
Done
Fit results with chi2/ndf 310.3750025473649 / 188
Par 1: 2404.201555 +/- 798.257924
Par 2: 23.490861 +/- 7.494589
Par 3: 28962.300294 +/- 191.857799
Par 4: 5284.995241 +/- 0.110558
Par 5: 17.403566 +/- 0.118004
Par 6: 35.737691 +/- 7.081628
Par 7: 388.907293 +/- 96.135991
Fit results with chi2/ndf 282.64760564031303 / 200
Par 1: 7902.155516 +/- 1430.599116
Par 2: 28.800146 +/- 4.039612
Par 3: 18679.081961 +/- 657.002656
Par 4: 5282.067621 +/- 0.670740
Par 5: 22.742922 +/- 0.756708
Par 6: 677.880702 +/- 13.765793
Par 7: 1171.540914 +/- 75.471381
Fit results with chi2/ndf 337.5973155738236 / 200
Par 1: 15970.087450 +/- 1345.379665
Par 2: 30.974560 +/- 1.926433
Par 3: 40442.876185 +/- 486.442851
Par 4: 5284.557937 +/- 0.208949
Par 5: 19.547997 +/- 0.230029
Par 6: 371.196405 +/- 14.077594
Par 7: 637.266014 +/- 43.796750
Done
Total execution time: 357 min 12 sec
Done
